e:\学习\数据结构课设\电梯\电梯\x64\debug\vc141.pdb
e:\学习\数据结构课设\电梯\电梯\x64\debug\vc141.idb
e:\学习\数据结构课设\电梯\电梯\x64\debug\test.obj
e:\学习\数据结构课设\电梯\电梯\x64\debug\main.obj
e:\学习\数据结构课设\电梯\电梯\x64\debug\lift.obj
e:\学习\数据结构课设\电梯\电梯\x64\debug\clint.obj
e:\学习\数据结构课设\电梯\电梯\x64\debug\system.obj
e:\学习\数据结构课设\电梯\电梯\x64\debug\tool.obj
e:\学习\数据结构课设\电梯\电梯\x64\debug\test11.obj
e:\学习\数据结构课设\电梯\电梯\x64\debug\stack.obj
e:\学习\数据结构课设\电梯\电梯\x64\debug\queue.obj
e:\学习\数据结构课设\电梯\电梯\x64\debug\test2.obj
e:\学习\数据结构课设\电梯\x64\debug\电梯.exe
e:\学习\数据结构课设\电梯\x64\debug\电梯.ilk
e:\学习\数据结构课设\电梯\x64\debug\电梯.pdb
e:\学习\数据结构课设\电梯\电梯\x64\debug\电梯.tlog\cl.command.1.tlog
e:\学习\数据结构课设\电梯\电梯\x64\debug\电梯.tlog\cl.read.1.tlog
e:\学习\数据结构课设\电梯\电梯\x64\debug\电梯.tlog\cl.write.1.tlog
e:\学习\数据结构课设\电梯\电梯\x64\debug\电梯.tlog\link.command.1.tlog
e:\学习\数据结构课设\电梯\电梯\x64\debug\电梯.tlog\link.read.1.tlog
e:\学习\数据结构课设\电梯\电梯\x64\debug\电梯.tlog\link.write.1.tlog
